2022-09-25 14:40:35.962  INFO 6788 --- [main] c.jpc.tools.pgc.HtmlcompareApplication   : Starting HtmlcompareApplication using Java 17.0.4.1 on DESKTOP-FDAUDNE with PID 6788 (D:\Sep232022_Project_Learning\htmlcompare-main\htmlcompare\target\classes started by 37067 in D:\Sep232022_Project_Learning\htmlcompare-main\htmlcompare)
2022-09-25 14:40:35.964 DEBUG 6788 --- [main] c.jpc.tools.pgc.HtmlcompareApplication   : Running with Spring Boot v2.7.3, Spring v5.3.22
2022-09-25 14:40:35.966  INFO 6788 --- [main] c.jpc.tools.pgc.HtmlcompareApplication   : No active profile set, falling back to 1 default profile: "default"
2022-09-25 14:40:38.414 DEBUG 6788 --- [main] c.jpc.tools.pgc.config.SchedulingConfig  : taskscheduler set thread name
2022-09-25 14:40:38.941 DEBUG 6788 --- [HCScheduler1] c.j.t.pgc.schedule.WebCrawlerScheduler   : launch url - https://www.tutorialspoint.com/about/return_refund_policy.htm
2022-09-25 14:40:38.952  INFO 6788 --- [main] c.jpc.tools.pgc.HtmlcompareApplication   : Started HtmlcompareApplication in 3.703 seconds (JVM running for 5.288)
2022-09-25 14:40:40.074 DEBUG 6788 --- [HCScheduler1] c.j.t.pgc.schedule.WebCrawlerScheduler   : launch url - https://www.baeldung.com/aboutrr
2022-09-25 14:40:40.184 DEBUG 6788 --- [HCScheduler1] c.j.t.pgc.schedule.WebCrawlerScheduler   : launch url - https://angular.io/guide/setup-local
2022-09-25 14:40:40.407 DEBUG 6788 --- [HCScheduler1] c.j.t.pgc.schedule.WebCrawlerScheduler   : launch url - https://www.javatpoint.com/
2022-09-25 14:40:40.751 DEBUG 6788 --- [HCScheduler1] c.j.t.pgc.schedule.WebCrawlerScheduler   : launch url - https://www.simplilearn.com/tutorials/aws-tutorial
2022-09-25 14:45:38.955 DEBUG 6788 --- [HCScheduler1] c.j.t.pgc.schedule.WebCrawlerScheduler   : launch url - https://www.tutorialspoint.com/about/return_refund_policy.htm
2022-09-25 14:45:39.035 DEBUG 6788 --- [HCScheduler1] c.j.t.pgc.schedule.WebCrawlerScheduler   : launch url - https://www.baeldung.com/aboutrr
2022-09-25 14:45:39.099 DEBUG 6788 --- [HCScheduler1] c.j.t.pgc.schedule.WebCrawlerScheduler   : launch url - https://angular.io/guide/setup-local
2022-09-25 14:45:39.277 DEBUG 6788 --- [HCScheduler1] c.j.t.pgc.schedule.WebCrawlerScheduler   : launch url - https://www.javatpoint.com/
2022-09-25 14:45:39.520 DEBUG 6788 --- [HCScheduler1] c.j.t.pgc.schedule.WebCrawlerScheduler   : launch url - https://www.simplilearn.com/tutorials/aws-tutorial
2022-09-25 14:50:38.997 DEBUG 6788 --- [HCScheduler1] c.j.t.pgc.schedule.WebCrawlerScheduler   : launch url - https://www.tutorialspoint.com/about/return_refund_policy.htm
2022-09-25 14:50:39.087 DEBUG 6788 --- [HCScheduler1] c.j.t.pgc.schedule.WebCrawlerScheduler   : launch url - https://www.baeldung.com/aboutrr
2022-09-25 14:50:39.153 DEBUG 6788 --- [HCScheduler1] c.j.t.pgc.schedule.WebCrawlerScheduler   : launch url - https://angular.io/guide/setup-local
2022-09-25 14:50:39.351 DEBUG 6788 --- [HCScheduler1] c.j.t.pgc.schedule.WebCrawlerScheduler   : launch url - https://www.javatpoint.com/
2022-09-25 14:50:39.633 DEBUG 6788 --- [HCScheduler1] c.j.t.pgc.schedule.WebCrawlerScheduler   : launch url - https://www.simplilearn.com/tutorials/aws-tutorial
2022-09-25 14:55:38.959 DEBUG 6788 --- [HCScheduler1] c.j.t.pgc.schedule.WebCrawlerScheduler   : launch url - https://www.tutorialspoint.com/about/return_refund_policy.htm
2022-09-25 14:55:39.065 DEBUG 6788 --- [HCScheduler1] c.j.t.pgc.schedule.WebCrawlerScheduler   : launch url - https://www.baeldung.com/aboutrr
2022-09-25 14:55:39.128 DEBUG 6788 --- [HCScheduler1] c.j.t.pgc.schedule.WebCrawlerScheduler   : launch url - https://angular.io/guide/setup-local
2022-09-25 14:55:39.314 DEBUG 6788 --- [HCScheduler1] c.j.t.pgc.schedule.WebCrawlerScheduler   : launch url - https://www.javatpoint.com/
2022-09-25 14:55:39.632 DEBUG 6788 --- [HCScheduler1] c.j.t.pgc.schedule.WebCrawlerScheduler   : launch url - https://www.simplilearn.com/tutorials/aws-tutorial
2022-09-25 14:56:05.616  INFO 10376 --- [main] c.jpc.tools.pgc.HtmlcompareApplication   : Starting HtmlcompareApplication using Java 17.0.4.1 on DESKTOP-FDAUDNE with PID 10376 (D:\Sep232022_Project_Learning\htmlcompare-main\htmlcompare\target\classes started by 37067 in D:\Sep232022_Project_Learning\htmlcompare-main\htmlcompare)
2022-09-25 14:56:05.619 DEBUG 10376 --- [main] c.jpc.tools.pgc.HtmlcompareApplication   : Running with Spring Boot v2.7.3, Spring v5.3.22
2022-09-25 14:56:05.620  INFO 10376 --- [main] c.jpc.tools.pgc.HtmlcompareApplication   : No active profile set, falling back to 1 default profile: "default"
2022-09-25 14:56:10.068 DEBUG 10376 --- [main] c.jpc.tools.pgc.config.SchedulingConfig  : taskscheduler set thread name
2022-09-25 14:56:10.679  INFO 10376 --- [main] c.jpc.tools.pgc.HtmlcompareApplication   : Started HtmlcompareApplication in 6.065 seconds (JVM running for 7.944)
2022-09-25 14:56:10.682 DEBUG 10376 --- [HCScheduler1] c.j.t.pgc.schedule.WebCrawlerScheduler   : launch url - https://www.tutorialspoint.com/about/return_refund_policy.htm
2022-09-25 14:56:12.707 DEBUG 10376 --- [HCScheduler1] c.j.t.pgc.schedule.WebCrawlerScheduler   : Response Status  - 200
2022-09-25 14:56:12.713 DEBUG 10376 --- [HCScheduler1] c.j.t.pgc.schedule.WebCrawlerScheduler   : Response Time - 1928
2022-09-25 14:56:12.749 DEBUG 10376 --- [HCScheduler1] c.j.t.pgc.schedule.WebCrawlerScheduler   : launch url - https://www.baeldung.com/aboutrr
2022-09-25 14:56:12.987 DEBUG 10376 --- [HCScheduler1] c.j.t.pgc.schedule.WebCrawlerScheduler   : launch url - https://angular.io/guide/setup-local
2022-09-25 14:56:13.525 DEBUG 10376 --- [HCScheduler1] c.j.t.pgc.schedule.WebCrawlerScheduler   : Response Status  - 200
2022-09-25 14:56:13.525 DEBUG 10376 --- [HCScheduler1] c.j.t.pgc.schedule.WebCrawlerScheduler   : Response Time - 537
2022-09-25 14:56:13.526 DEBUG 10376 --- [HCScheduler1] c.j.t.pgc.schedule.WebCrawlerScheduler   : launch url - https://www.javatpoint.com/
2022-09-25 14:56:14.122 DEBUG 10376 --- [HCScheduler1] c.j.t.pgc.schedule.WebCrawlerScheduler   : Response Status  - 200
2022-09-25 14:56:14.123 DEBUG 10376 --- [HCScheduler1] c.j.t.pgc.schedule.WebCrawlerScheduler   : Response Time - 595
2022-09-25 14:56:14.268 DEBUG 10376 --- [HCScheduler1] c.j.t.pgc.schedule.WebCrawlerScheduler   : launch url - https://www.simplilearn.com/tutorials/aws-tutorial
2022-09-25 14:56:14.964 DEBUG 10376 --- [HCScheduler1] c.j.t.pgc.schedule.WebCrawlerScheduler   : Response Status  - 200
2022-09-25 14:56:14.965 DEBUG 10376 --- [HCScheduler1] c.j.t.pgc.schedule.WebCrawlerScheduler   : Response Time - 695
2022-09-25 15:01:10.674 DEBUG 10376 --- [HCScheduler1] c.j.t.pgc.schedule.WebCrawlerScheduler   : launch url - https://www.tutorialspoint.com/about/return_refund_policy.htm
2022-09-25 15:01:10.741 DEBUG 10376 --- [HCScheduler1] c.j.t.pgc.schedule.WebCrawlerScheduler   : Response Status  - 200
2022-09-25 15:01:10.741 DEBUG 10376 --- [HCScheduler1] c.j.t.pgc.schedule.WebCrawlerScheduler   : Response Time - 66
2022-09-25 15:01:10.745 DEBUG 10376 --- [HCScheduler1] c.j.t.pgc.schedule.WebCrawlerScheduler   : launch url - https://www.baeldung.com/aboutrr
2022-09-25 15:01:10.810 DEBUG 10376 --- [HCScheduler1] c.j.t.pgc.schedule.WebCrawlerScheduler   : launch url - https://angular.io/guide/setup-local
2022-09-25 15:01:10.995 DEBUG 10376 --- [HCScheduler1] c.j.t.pgc.schedule.WebCrawlerScheduler   : Response Status  - 200
2022-09-25 15:01:10.996 DEBUG 10376 --- [HCScheduler1] c.j.t.pgc.schedule.WebCrawlerScheduler   : Response Time - 184
2022-09-25 15:01:10.997 DEBUG 10376 --- [HCScheduler1] c.j.t.pgc.schedule.WebCrawlerScheduler   : launch url - https://www.javatpoint.com/
2022-09-25 15:01:11.351 DEBUG 10376 --- [HCScheduler1] c.j.t.pgc.schedule.WebCrawlerScheduler   : Response Status  - 200
2022-09-25 15:01:11.351 DEBUG 10376 --- [HCScheduler1] c.j.t.pgc.schedule.WebCrawlerScheduler   : Response Time - 353
2022-09-25 15:01:11.389 DEBUG 10376 --- [HCScheduler1] c.j.t.pgc.schedule.WebCrawlerScheduler   : launch url - https://www.simplilearn.com/tutorials/aws-tutorial
2022-09-25 15:01:11.545 DEBUG 10376 --- [HCScheduler1] c.j.t.pgc.schedule.WebCrawlerScheduler   : Response Status  - 200
2022-09-25 15:01:11.545 DEBUG 10376 --- [HCScheduler1] c.j.t.pgc.schedule.WebCrawlerScheduler   : Response Time - 155
2022-09-25 15:06:10.686 DEBUG 10376 --- [HCScheduler1] c.j.t.pgc.schedule.WebCrawlerScheduler   : launch url - https://www.tutorialspoint.com/about/return_refund_policy.htm
2022-09-25 15:06:10.809 DEBUG 10376 --- [HCScheduler1] c.j.t.pgc.schedule.WebCrawlerScheduler   : Response Status  - 200
2022-09-25 15:06:10.809 DEBUG 10376 --- [HCScheduler1] c.j.t.pgc.schedule.WebCrawlerScheduler   : Response Time - 121
2022-09-25 15:06:10.811 DEBUG 10376 --- [HCScheduler1] c.j.t.pgc.schedule.WebCrawlerScheduler   : launch url - https://www.baeldung.com/aboutrr
2022-09-25 15:06:10.867 DEBUG 10376 --- [HCScheduler1] c.j.t.pgc.schedule.WebCrawlerScheduler   : launch url - https://angular.io/guide/setup-local
2022-09-25 15:06:11.103 DEBUG 10376 --- [HCScheduler1] c.j.t.pgc.schedule.WebCrawlerScheduler   : Response Status  - 200
2022-09-25 15:06:11.104 DEBUG 10376 --- [HCScheduler1] c.j.t.pgc.schedule.WebCrawlerScheduler   : Response Time - 236
2022-09-25 15:06:11.104 DEBUG 10376 --- [HCScheduler1] c.j.t.pgc.schedule.WebCrawlerScheduler   : launch url - https://www.javatpoint.com/
2022-09-25 15:06:11.349 DEBUG 10376 --- [HCScheduler1] c.j.t.pgc.schedule.WebCrawlerScheduler   : Response Status  - 200
2022-09-25 15:06:11.350 DEBUG 10376 --- [HCScheduler1] c.j.t.pgc.schedule.WebCrawlerScheduler   : Response Time - 245
2022-09-25 15:06:11.362 DEBUG 10376 --- [HCScheduler1] c.j.t.pgc.schedule.WebCrawlerScheduler   : launch url - https://www.simplilearn.com/tutorials/aws-tutorial
2022-09-25 15:06:11.497 DEBUG 10376 --- [HCScheduler1] c.j.t.pgc.schedule.WebCrawlerScheduler   : Response Status  - 200
2022-09-25 15:06:11.497 DEBUG 10376 --- [HCScheduler1] c.j.t.pgc.schedule.WebCrawlerScheduler   : Response Time - 135
